[Fri Jun 25, 2021 03:30:04,803 pm] [main           ] org.mongodb.driver.cluster Cluster created with settings {hosts=[localhost:27017], mode=SINGLE, requiredClusterType=UNKNOWN, serverSelectionTimeout='30000 ms', maxWaitQueueSize=500}
[Fri Jun 25, 2021 03:30:04,864 pm] [main           ] org.mongodb.driver.cluster Cluster created with settings {hosts=[localhost:27017], mode=SINGLE, requiredClusterType=UNKNOWN, serverSelectionTimeout='30000 ms', maxWaitQueueSize=500}
[Fri Jun 25, 2021 03:30:04,958 pm] [main           ] org.mongodb.driver.cluster Cluster description not yet available. Waiting for 30000 ms before timing out
[Fri Jun 25, 2021 03:30:04,975 pm] [cluster-ClusterId{value='60d5a924713e8775111eff44', description='null'}-localhost:27017] org.mongodb.driver.connection Opened connection [connectionId{localValue:1, serverValue:12}] to localhost:27017
[Fri Jun 25, 2021 03:30:04,976 pm] [cluster-ClusterId{value='60d5a924713e8775111eff45', description='null'}-localhost:27017] org.mongodb.driver.connection Opened connection [connectionId{localValue:2, serverValue:11}] to localhost:27017
[Fri Jun 25, 2021 03:30:04,985 pm] [cluster-ClusterId{value='60d5a924713e8775111eff45', description='null'}-localhost:27017] org.mongodb.driver.cluster Monitor thread successfully connected to server with description ServerDescription{address=localhost:27017, type=STANDALONE, state=CONNECTED, ok=true, version=ServerVersion{versionList=[4, 4, 6]}, minWireVersion=0, maxWireVersion=9, maxDocumentSize=16777216, logicalSessionTimeoutMinutes=30, roundTripTimeNanos=5051400}
[Fri Jun 25, 2021 03:30:04,985 pm] [cluster-ClusterId{value='60d5a924713e8775111eff44', description='null'}-localhost:27017] org.mongodb.driver.cluster Monitor thread successfully connected to server with description ServerDescription{address=localhost:27017, type=STANDALONE, state=CONNECTED, ok=true, version=ServerVersion{versionList=[4, 4, 6]}, minWireVersion=0, maxWireVersion=9, maxDocumentSize=16777216, logicalSessionTimeoutMinutes=30, roundTripTimeNanos=5176600}
[Fri Jun 25, 2021 03:30:05,003 pm] [main           ] org.mongodb.driver.connection Opened connection [connectionId{localValue:3, serverValue:13}] to localhost:27017
[Fri Jun 25, 2021 03:30:40,126 pm] [main           ] org.mongodb.driver.cluster Cluster created with settings {hosts=[localhost:27017], mode=SINGLE, requiredClusterType=UNKNOWN, serverSelectionTimeout='30000 ms', maxWaitQueueSize=500}
[Fri Jun 25, 2021 03:30:40,171 pm] [main           ] org.mongodb.driver.cluster Cluster created with settings {hosts=[localhost:27017], mode=SINGLE, requiredClusterType=UNKNOWN, serverSelectionTimeout='30000 ms', maxWaitQueueSize=500}
[Fri Jun 25, 2021 03:30:40,306 pm] [main           ] org.mongodb.driver.cluster Cluster description not yet available. Waiting for 30000 ms before timing out
[Fri Jun 25, 2021 03:30:40,312 pm] [cluster-ClusterId{value='60d5a947ce742246d614fe5f', description='null'}-localhost:27017] org.mongodb.driver.connection Opened connection [connectionId{localValue:1, serverValue:15}] to localhost:27017
[Fri Jun 25, 2021 03:30:40,312 pm] [cluster-ClusterId{value='60d5a948ce742246d614fe60', description='null'}-localhost:27017] org.mongodb.driver.connection Opened connection [connectionId{localValue:2, serverValue:14}] to localhost:27017
[Fri Jun 25, 2021 03:30:40,320 pm] [cluster-ClusterId{value='60d5a948ce742246d614fe60', description='null'}-localhost:27017] org.mongodb.driver.cluster Monitor thread successfully connected to server with description ServerDescription{address=localhost:27017, type=STANDALONE, state=CONNECTED, ok=true, version=ServerVersion{versionList=[4, 4, 6]}, minWireVersion=0, maxWireVersion=9, maxDocumentSize=16777216, logicalSessionTimeoutMinutes=30, roundTripTimeNanos=5937500}
[Fri Jun 25, 2021 03:30:40,320 pm] [cluster-ClusterId{value='60d5a947ce742246d614fe5f', description='null'}-localhost:27017] org.mongodb.driver.cluster Monitor thread successfully connected to server with description ServerDescription{address=localhost:27017, type=STANDALONE, state=CONNECTED, ok=true, version=ServerVersion{versionList=[4, 4, 6]}, minWireVersion=0, maxWireVersion=9, maxDocumentSize=16777216, logicalSessionTimeoutMinutes=30, roundTripTimeNanos=5679900}
[Fri Jun 25, 2021 03:30:40,337 pm] [main           ] org.mongodb.driver.connection Opened connection [connectionId{localValue:3, serverValue:16}] to localhost:27017
[Fri Jun 25, 2021 04:08:40,102 pm] [main           ] org.mongodb.driver.cluster Cluster created with settings {hosts=[localhost:27017], mode=SINGLE, requiredClusterType=UNKNOWN, serverSelectionTimeout='30000 ms', maxWaitQueueSize=500}
[Fri Jun 25, 2021 04:08:40,161 pm] [main           ] org.mongodb.driver.cluster Cluster created with settings {hosts=[localhost:27017], mode=SINGLE, requiredClusterType=UNKNOWN, serverSelectionTimeout='30000 ms', maxWaitQueueSize=500}
[Fri Jun 25, 2021 04:08:40,259 pm] [main           ] org.mongodb.driver.cluster Cluster description not yet available. Waiting for 30000 ms before timing out
[Fri Jun 25, 2021 04:08:40,284 pm] [cluster-ClusterId{value='60d5b23065abd34c7ffc0efd', description='null'}-localhost:27017] org.mongodb.driver.connection Opened connection [connectionId{localValue:2, serverValue:17}] to localhost:27017
[Fri Jun 25, 2021 04:08:40,285 pm] [cluster-ClusterId{value='60d5b22f65abd34c7ffc0efc', description='null'}-localhost:27017] org.mongodb.driver.connection Opened connection [connectionId{localValue:1, serverValue:18}] to localhost:27017
[Fri Jun 25, 2021 04:08:40,292 pm] [cluster-ClusterId{value='60d5b23065abd34c7ffc0efd', description='null'}-localhost:27017] org.mongodb.driver.cluster Monitor thread successfully connected to server with description ServerDescription{address=localhost:27017, type=STANDALONE, state=CONNECTED, ok=true, version=ServerVersion{versionList=[4, 4, 6]}, minWireVersion=0, maxWireVersion=9, maxDocumentSize=16777216, logicalSessionTimeoutMinutes=30, roundTripTimeNanos=5274500}
[Fri Jun 25, 2021 04:08:40,292 pm] [cluster-ClusterId{value='60d5b22f65abd34c7ffc0efc', description='null'}-localhost:27017] org.mongodb.driver.cluster Monitor thread successfully connected to server with description ServerDescription{address=localhost:27017, type=STANDALONE, state=CONNECTED, ok=true, version=ServerVersion{versionList=[4, 4, 6]}, minWireVersion=0, maxWireVersion=9, maxDocumentSize=16777216, logicalSessionTimeoutMinutes=30, roundTripTimeNanos=5765300}
[Fri Jun 25, 2021 04:08:40,313 pm] [main           ] org.mongodb.driver.connection Opened connection [connectionId{localValue:3, serverValue:19}] to localhost:27017
[Fri Jun 25, 2021 04:16:52,240 pm] [main           ] org.mongodb.driver.cluster Cluster created with settings {hosts=[localhost:27017], mode=SINGLE, requiredClusterType=UNKNOWN, serverSelectionTimeout='30000 ms', maxWaitQueueSize=500}
[Fri Jun 25, 2021 04:16:52,313 pm] [main           ] org.mongodb.driver.cluster Cluster created with settings {hosts=[localhost:27017], mode=SINGLE, requiredClusterType=UNKNOWN, serverSelectionTimeout='30000 ms', maxWaitQueueSize=500}
[Fri Jun 25, 2021 04:16:52,400 pm] [main           ] org.mongodb.driver.cluster Cluster description not yet available. Waiting for 30000 ms before timing out
[Fri Jun 25, 2021 04:16:52,459 pm] [cluster-ClusterId{value='60d5b41b1d425f1f4f6b7bcb', description='null'}-localhost:27017] org.mongodb.driver.connection Opened connection [connectionId{localValue:1, serverValue:21}] to localhost:27017
[Fri Jun 25, 2021 04:16:52,459 pm] [cluster-ClusterId{value='60d5b41c1d425f1f4f6b7bcc', description='null'}-localhost:27017] org.mongodb.driver.connection Opened connection [connectionId{localValue:2, serverValue:20}] to localhost:27017
[Fri Jun 25, 2021 04:16:52,467 pm] [cluster-ClusterId{value='60d5b41b1d425f1f4f6b7bcb', description='null'}-localhost:27017] org.mongodb.driver.cluster Monitor thread successfully connected to server with description ServerDescription{address=localhost:27017, type=STANDALONE, state=CONNECTED, ok=true, version=ServerVersion{versionList=[4, 4, 6]}, minWireVersion=0, maxWireVersion=9, maxDocumentSize=16777216, logicalSessionTimeoutMinutes=30, roundTripTimeNanos=5883800}
[Fri Jun 25, 2021 04:16:52,467 pm] [cluster-ClusterId{value='60d5b41c1d425f1f4f6b7bcc', description='null'}-localhost:27017] org.mongodb.driver.cluster Monitor thread successfully connected to server with description ServerDescription{address=localhost:27017, type=STANDALONE, state=CONNECTED, ok=true, version=ServerVersion{versionList=[4, 4, 6]}, minWireVersion=0, maxWireVersion=9, maxDocumentSize=16777216, logicalSessionTimeoutMinutes=30, roundTripTimeNanos=5657500}
[Fri Jun 25, 2021 04:16:52,488 pm] [main           ] org.mongodb.driver.connection Opened connection [connectionId{localValue:3, serverValue:22}] to localhost:27017
[Fri Jun 25, 2021 04:19:44,085 pm] [main           ] org.mongodb.driver.cluster Cluster created with settings {hosts=[localhost:27017], mode=SINGLE, requiredClusterType=UNKNOWN, serverSelectionTimeout='30000 ms', maxWaitQueueSize=500}
[Fri Jun 25, 2021 04:19:44,156 pm] [main           ] org.mongodb.driver.cluster Cluster created with settings {hosts=[localhost:27017], mode=SINGLE, requiredClusterType=UNKNOWN, serverSelectionTimeout='30000 ms', maxWaitQueueSize=500}
[Fri Jun 25, 2021 04:19:44,324 pm] [main           ] org.mongodb.driver.cluster Cluster description not yet available. Waiting for 30000 ms before timing out
[Fri Jun 25, 2021 04:19:44,338 pm] [cluster-ClusterId{value='60d5b4c81fb43a6767ec5493', description='null'}-localhost:27017] org.mongodb.driver.connection Opened connection [connectionId{localValue:2, serverValue:23}] to localhost:27017
[Fri Jun 25, 2021 04:19:44,339 pm] [cluster-ClusterId{value='60d5b4c71fb43a6767ec5492', description='null'}-localhost:27017] org.mongodb.driver.connection Opened connection [connectionId{localValue:1, serverValue:24}] to localhost:27017
[Fri Jun 25, 2021 04:19:44,350 pm] [cluster-ClusterId{value='60d5b4c71fb43a6767ec5492', description='null'}-localhost:27017] org.mongodb.driver.cluster Monitor thread successfully connected to server with description ServerDescription{address=localhost:27017, type=STANDALONE, state=CONNECTED, ok=true, version=ServerVersion{versionList=[4, 4, 6]}, minWireVersion=0, maxWireVersion=9, maxDocumentSize=16777216, logicalSessionTimeoutMinutes=30, roundTripTimeNanos=10227600}
[Fri Jun 25, 2021 04:19:44,351 pm] [cluster-ClusterId{value='60d5b4c81fb43a6767ec5493', description='null'}-localhost:27017] org.mongodb.driver.cluster Monitor thread successfully connected to server with description ServerDescription{address=localhost:27017, type=STANDALONE, state=CONNECTED, ok=true, version=ServerVersion{versionList=[4, 4, 6]}, minWireVersion=0, maxWireVersion=9, maxDocumentSize=16777216, logicalSessionTimeoutMinutes=30, roundTripTimeNanos=8956200}
[Fri Jun 25, 2021 04:19:44,383 pm] [main           ] org.mongodb.driver.connection Opened connection [connectionId{localValue:3, serverValue:25}] to localhost:27017
[Fri Jun 25, 2021 04:34:35,878 pm] [main           ] org.mongodb.driver.cluster Cluster created with settings {hosts=[localhost:27017], mode=SINGLE, requiredClusterType=UNKNOWN, serverSelectionTimeout='30000 ms', maxWaitQueueSize=500}
[Fri Jun 25, 2021 04:34:36,008 pm] [main           ] org.mongodb.driver.cluster Cluster created with settings {hosts=[localhost:27017], mode=SINGLE, requiredClusterType=UNKNOWN, serverSelectionTimeout='30000 ms', maxWaitQueueSize=500}
[Fri Jun 25, 2021 04:34:36,166 pm] [main           ] org.mongodb.driver.cluster Cluster description not yet available. Waiting for 30000 ms before timing out
[Fri Jun 25, 2021 04:34:36,277 pm] [cluster-ClusterId{value='60d5b8445a11413dea4ac1a9', description='null'}-localhost:27017] org.mongodb.driver.connection Opened connection [connectionId{localValue:2, serverValue:26}] to localhost:27017
[Fri Jun 25, 2021 04:34:36,294 pm] [cluster-ClusterId{value='60d5b8435a11413dea4ac1a8', description='null'}-localhost:27017] org.mongodb.driver.connection Opened connection [connectionId{localValue:1, serverValue:27}] to localhost:27017
[Fri Jun 25, 2021 04:34:36,299 pm] [cluster-ClusterId{value='60d5b8445a11413dea4ac1a9', description='null'}-localhost:27017] org.mongodb.driver.cluster Monitor thread successfully connected to server with description ServerDescription{address=localhost:27017, type=STANDALONE, state=CONNECTED, ok=true, version=ServerVersion{versionList=[4, 4, 6]}, minWireVersion=0, maxWireVersion=9, maxDocumentSize=16777216, logicalSessionTimeoutMinutes=30, roundTripTimeNanos=18649300}
[Fri Jun 25, 2021 04:34:36,322 pm] [cluster-ClusterId{value='60d5b8435a11413dea4ac1a8', description='null'}-localhost:27017] org.mongodb.driver.cluster Monitor thread successfully connected to server with description ServerDescription{address=localhost:27017, type=STANDALONE, state=CONNECTED, ok=true, version=ServerVersion{versionList=[4, 4, 6]}, minWireVersion=0, maxWireVersion=9, maxDocumentSize=16777216, logicalSessionTimeoutMinutes=30, roundTripTimeNanos=27835000}
[Fri Jun 25, 2021 04:34:36,387 pm] [main           ] org.mongodb.driver.connection Opened connection [connectionId{localValue:3, serverValue:28}] to localhost:27017
